<?xml version="1.0" encoding="UTF-8"?>
<testng-results skipped="0" failed="0" total="1" passed="1">
  <reporter-output>
  </reporter-output>
  <suite name="Default suite" duration-ms="40372" started-at="2016-12-22T12:10:11Z" finished-at="2016-12-22T12:10:52Z">
    <groups>
    </groups>
    <test name="Default test" duration-ms="40372" started-at="2016-12-22T12:10:11Z" finished-at="2016-12-22T12:10:52Z">
      <class name="com.POM.TestExecution.POMControl1">
        <test-method status="PASS" signature="pomTest1()[pri:0, instance:com.POM.TestExecution.POMControl1@39fb3ab6]" name="pomTest1" duration-ms="40353" started-at="2016-12-22T17:40:11Z" finished-at="2016-12-22T17:40:52Z">
          <reporter-output>
          </reporter-output>
        </test-method> <!-- pomTest1 -->
      </class> <!-- com.POM.TestExecution.POMControl1 -->
    </test> <!-- Default test -->
  </suite> <!-- Default suite -->
</testng-results>
