<?xml version="1.0" encoding="UTF-8"?>
<testng-results skipped="0" failed="0" total="1" passed="1">
  <reporter-output>
  </reporter-output>
  <suite name="Default suite" duration-ms="11785" started-at="2016-12-25T14:46:45Z" finished-at="2016-12-25T14:46:56Z">
    <groups>
    </groups>
    <test name="Default test" duration-ms="11785" started-at="2016-12-25T14:46:45Z" finished-at="2016-12-25T14:46:56Z">
      <class name="com.POM.TestExecution.NewTest12">
        <test-method status="PASS" signature="f()[pri:0, instance:com.POM.TestExecution.NewTest12@7ca48474]" name="f" duration-ms="11761" started-at="2016-12-25T20:16:45Z" finished-at="2016-12-25T20:16:56Z">
          <reporter-output>
          </reporter-output>
        </test-method> <!-- f -->
      </class> <!-- com.POM.TestExecution.NewTest12 -->
    </test> <!-- Default test -->
  </suite> <!-- Default suite -->
</testng-results>
